<?xml version="1.0" encoding="UTF-8"?>
<!-- Generated by org.testng.reporters.JUnitReportReporter -->
<testsuite skipped="0" hostname="INL-11HSR72" name="com.paragon.netapp.tests.TestUserScenarios" tests="1" failures="0" timestamp="09 Feb 2018 12:27:38 GMT" time="51.860" errors="0">
  <testcase name="addUser" time="51.860" classname="com.paragon.netapp.tests.TestUserScenarios"/>
</testsuite> <!-- com.paragon.netapp.tests.TestUserScenarios -->
