<?xml version="1.0" encoding="UTF-8"?>
<!-- Generated by org.testng.reporters.JUnitReportReporter -->
<testsuite skipped="0" hostname="INL-11HSR72" name="com.paragon.netapp.tests.loginTest" tests="1" failures="0" timestamp="16 Feb 2018 09:41:02 GMT" time="34.620" errors="0">
  <testcase name="TestCase01" time="34.620" classname="com.paragon.netapp.tests.loginTest"/>
</testsuite> <!-- com.paragon.netapp.tests.loginTest -->
